<?xml version="1.0" encoding="UTF-8"?>
<!-- Generated by org.testng.reporters.JUnitXMLReporter -->
<testsuite ignored="1" hostname="DESKTOP-O2VAEQR" failures="0" tests="3" name="Test3" time="0.154" errors="0" timestamp="2024-07-02T10:10:19 IST">
  <testcase classname="com.grouptest.NewTest3" name="Test10" time="0.013"/>
  <testcase classname="com.grouptest.NewTest3" name="Test11" time="0.002"/>
  <testcase classname="com.grouptest.NewTest3" name="Test12" time="0.004"/>
  <testcase classname="com.grouptest.NewTest3" name="Test9" time="0.0">
    <ignored/>
  </testcase> <!-- Test9 -->
</testsuite> <!-- Test3 -->
