<?xml version="1.0" encoding="UTF-8"?>
<!-- Generated by org.testng.reporters.JUnitXMLReporter -->
<testsuite ignored="0" hostname="DESKTOP-O2VAEQR" failures="0" tests="4" name="Default test" time="0.22" errors="0" timestamp="2024-07-05T13:45:21 IST">
  <testcase classname="com.grouptest.NewTest" name="Test1" time="0.022"/>
  <testcase classname="com.grouptest.NewTest" name="Test2" time="0.004"/>
  <testcase classname="com.grouptest.NewTest" name="Test3" time="0.002"/>
  <testcase classname="com.grouptest.NewTest" name="Test4" time="0.004"/>
</testsuite> <!-- Default test -->
