<?xml version="1.0" encoding="UTF-8"?>
<!-- Generated by org.testng.reporters.JUnitXMLReporter -->
<testsuite ignored="1" hostname="DESKTOP-O2VAEQR" failures="3" tests="3" name="Opencart" time="0.214" errors="0" timestamp="2024-06-30T18:36:16 IST">
  <testcase classname="com.testngpractise.OpenCartParameters" name="DemoLogin" time="0.039">
    <failure type="java.lang.NullPointerException" message="Cannot invoke &amp;quot;org.openqa.selenium.WebDriver.findElement(org.openqa.selenium.By)&amp;quot; because &amp;quot;this.driver&amp;quot; is null">
      <![CDATA[java.lang.NullPointerException: Cannot invoke "org.openqa.selenium.WebDriver.findElement(org.openqa.selenium.By)" because "this.driver" is null
at com.testngpractise.OpenCartParameters.DemoLogin(OpenCartParameters.java:19)
at java.base/java.util.ArrayList.forEach(ArrayList.java:1511)
... Removed 27 stack frames]]>
    </failure>
  </testcase> <!-- DemoLogin -->
  <testcase classname="com.testngpractise.OpenCartParameters" name="StoreFront" time="0.004">
    <failure type="java.lang.NullPointerException" message="Cannot invoke &amp;quot;org.openqa.selenium.WebDriver.findElement(org.openqa.selenium.By)&amp;quot; because &amp;quot;this.driver&amp;quot; is null">
      <![CDATA[java.lang.NullPointerException: Cannot invoke "org.openqa.selenium.WebDriver.findElement(org.openqa.selenium.By)" because "this.driver" is null
at com.testngpractise.OpenCartParameters.StoreFront(OpenCartParameters.java:26)
at java.base/java.util.ArrayList.forEach(ArrayList.java:1511)
... Removed 27 stack frames]]>
    </failure>
  </testcase> <!-- StoreFront -->
  <testcase classname="com.testngpractise.OpenCartParameters" name="verifylaptopavailable" time="0.006">
    <failure type="java.lang.NullPointerException" message="Cannot invoke &amp;quot;org.openqa.selenium.WebDriver.findElement(org.openqa.selenium.By)&amp;quot; because &amp;quot;this.driver&amp;quot; is null">
      <![CDATA[java.lang.NullPointerException: Cannot invoke "org.openqa.selenium.WebDriver.findElement(org.openqa.selenium.By)" because "this.driver" is null
at com.testngpractise.OpenCartParameters.verifylaptopavailable(OpenCartParameters.java:31)
at java.base/java.util.ArrayList.forEach(ArrayList.java:1511)
... Removed 27 stack frames]]>
    </failure>
  </testcase> <!-- verifylaptopavailable -->
  <testcase classname="com.testngpractise.OpenCartParameters" name="LaunchApp" time="0.0">
    <ignored/>
  </testcase> <!-- LaunchApp -->
</testsuite> <!-- Opencart -->
