<?xml version="1.0" encoding="UTF-8"?>
<!-- Generated by org.testng.reporters.JUnitXMLReporter -->
<testsuite ignored="0" hostname="DESKTOP-O2VAEQR" failures="0" tests="4" name="OrangeHRMMyInfo" time="35.514" errors="0" timestamp="2024-06-29T18:56:33 IST">
  <testcase classname="com.testngpractise.OrangeHRM" name="LaunchApp" time="12.862"/>
  <testcase classname="com.testngpractise.OrangeHRM" name="EnterLoginDetails" time="6.706"/>
  <testcase classname="com.testngpractise.OrangeHRM" name="MyInfo" time="6.658"/>
  <testcase classname="com.testngpractise.OrangeHRM" name="VerifyMyinfo" time="9.255"/>
</testsuite> <!-- OrangeHRMMyInfo -->
