<?xml version="1.0" encoding="UTF-8"?>
<!-- Generated by org.testng.reporters.JUnitXMLReporter -->
<testsuite ignored="0" hostname="DESKTOP-O2VAEQR" failures="1" tests="9" name="Tes" time="0.254" errors="0" timestamp="2024-07-02T15:53:39 IST">
  <testcase classname="com.testngpractise.Groupttestdependecy2" name="sn" time="0.015"/>
  <testcase classname="com.testngpractise.Groupttestdependecy2" name="sn1" time="0.002"/>
  <testcase classname="com.testngpractise.Groupttestdependecy2" name="sn2" time="0.003">
    <failure type="java.lang.ArithmeticException" message="/ by zero">
      <![CDATA[java.lang.ArithmeticException: / by zero
at com.testngpractise.Groupttestdependecy2.sn2(Groupttestdependecy2.java:22)
at java.base/java.util.ArrayList.forEach(ArrayList.java:1511)
... Removed 27 stack frames]]>
    </failure>
  </testcase> <!-- sn2 -->
  <testcase classname="com.testngpractise.Groupttestdependecy2" name="sm" time="0.0">
    <skipped/>
  </testcase> <!-- sm -->
  <testcase classname="com.testngpractise.Groupttestdependecy2" name="sm1" time="0.0">
    <skipped/>
  </testcase> <!-- sm1 -->
  <testcase classname="com.testngpractise.Groupttestdependecy2" name="sm2" time="0.0">
    <skipped/>
  </testcase> <!-- sm2 -->
  <testcase classname="com.testngpractise.Groupttestdependecy2" name="reg" time="0.0">
    <skipped/>
  </testcase> <!-- reg -->
  <testcase classname="com.testngpractise.Groupttestdependecy2" name="reg1" time="0.0">
    <skipped/>
  </testcase> <!-- reg1 -->
  <testcase classname="com.testngpractise.Groupttestdependecy2" name="test01" time="0.0">
    <skipped/>
  </testcase> <!-- test01 -->
</testsuite> <!-- Tes -->
