<?xml version="1.0" encoding="UTF-8"?>
<!-- Generated by org.testng.reporters.JUnitXMLReporter -->
<testsuite ignored="0" hostname="DESKTOP-O2VAEQR" failures="0" tests="8" name="Test0" time="0.226" errors="0" timestamp="2024-07-03T11:52:43 IST">
  <testcase classname="com.parallel.Class1" name="p2" time="0.02"/>
  <testcase classname="com.parallel.Class1" name="p1" time="0.022"/>
  <testcase classname="com.parallel.Class1" name="p3" time="0.006"/>
  <testcase classname="com.parallel.Class1" name="p4" time="0.002"/>
  <testcase classname="com.parallel.Class2" name="p5" time="0.01"/>
  <testcase classname="com.parallel.Class2" name="p7" time="0.009"/>
  <testcase classname="com.parallel.Class2" name="p8" time="0.015"/>
  <testcase classname="com.parallel.Class2" name="p6" time="0.065"/>
</testsuite> <!-- Test0 -->
