<?xml version="1.0" encoding="UTF-8"?>
<!-- Generated by org.testng.reporters.JUnitXMLReporter -->
<testsuite ignored="2" hostname="DESKTOP-O2VAEQR" failures="1" tests="1" name="Test2" time="26.959" errors="0" timestamp="2024-07-05T10:27:42 IST">
  <testcase classname="IntegrateExtentReportwithTestNwithAnnotations.ScreenshotTest" name="Facebookweb" time="17.653">
    <failure type="java.lang.AssertionError" message="Title mismatched expected [Log in to Facebookk] but found [Log in to Facebook]">
      <![CDATA[java.lang.AssertionError: Title mismatched expected [Log in to Facebookk] but found [Log in to Facebook]
at IntegrateExtentReportwithTestNwithAnnotations.ScreenshotTest.Facebookweb(ScreenshotTest.java:83)
at java.base/java.util.ArrayList.forEach(ArrayList.java:1511)
... Removed 32 stack frames]]>
    </failure>
  </testcase> <!-- Facebookweb -->
  <testcase classname="IntegrateExtentReportwithTestNwithAnnotations.ScreenshotTest" name="Facebook" time="0.0">
    <ignored/>
  </testcase> <!-- Facebook -->
  <testcase classname="IntegrateExtentReportwithTestNwithAnnotations.ScreenshotTest" name="LaunchApp" time="0.0">
    <ignored/>
  </testcase> <!-- LaunchApp -->
</testsuite> <!-- Test2 -->
