<?xml version="1.0" encoding="UTF-8"?>
<!-- Generated by org.testng.reporters.JUnitXMLReporter -->
<testsuite ignored="0" hostname="DESKTOP-O2VAEQR" failures="0" tests="5" name="Test3" time="0.043" errors="0" timestamp="2024-07-03T11:52:44 IST">
  <testcase classname="com.parallel.Class3" name="p10" time="0.006"/>
  <testcase classname="com.parallel.Class3" name="p11" time="0.003"/>
  <testcase classname="com.parallel.Class3" name="p12" time="0.001"/>
  <testcase classname="com.parallel.Class3" name="p13" time="0.001"/>
  <testcase classname="com.parallel.Class3" name="p9" time="0.002"/>
</testsuite> <!-- Test3 -->
