<?xml version="1.0" encoding="UTF-8"?>
<!-- Generated by org.testng.reporters.JUnitXMLReporter -->
<testsuite ignored="2" hostname="DESKTOP-O2VAEQR" failures="0" tests="1" name="Test" time="27.641" errors="0" timestamp="2024-07-05T10:26:54 IST">
  <testcase classname="IntegrateExtentReportwithTestNwithAnnotations.ScreenshotTest" name="Facebook" time="23.757"/>
  <testcase classname="IntegrateExtentReportwithTestNwithAnnotations.ScreenshotTest" name="LaunchApp" time="0.0">
    <ignored/>
  </testcase> <!-- LaunchApp -->
  <testcase classname="IntegrateExtentReportwithTestNwithAnnotations.ScreenshotTest" name="Facebookweb" time="0.0">
    <ignored/>
  </testcase> <!-- Facebookweb -->
</testsuite> <!-- Test -->
