<?xml version="1.0" encoding="UTF-8"?>
<!-- Generated by org.testng.reporters.JUnitXMLReporter -->
<testsuite ignored="0" hostname="DESKTOP-O2VAEQR" failures="0" tests="4" name="OrangeHRMMyInfo" time="32.368" errors="0" timestamp="2024-06-29T18:44:57 IST">
  <testcase classname="com.testngpractise.OrangeHRM" name="LaunchApp" time="10.428"/>
  <testcase classname="com.testngpractise.OrangeHRM" name="EnterLoginDetails" time="5.368"/>
  <testcase classname="com.testngpractise.OrangeHRM" name="MyInfo" time="7.264"/>
  <testcase classname="com.testngpractise.OrangeHRM" name="VerifyMyinfo" time="9.269"/>
</testsuite> <!-- OrangeHRMMyInfo -->
