<?xml version="1.0" encoding="UTF-8"?>
<!-- Generated by org.testng.reporters.JUnitXMLReporter -->
<testsuite ignored="3" hostname="DESKTOP-O2VAEQR" failures="0" tests="2" name="Open" time="23.182" errors="0" timestamp="2024-07-01T10:40:47 IST">
  <testcase classname="com.testngpractise.OpenCartParameters" name="LaunchApp" time="7.968"/>
  <testcase classname="com.testngpractise.OpenCartParameters" name="verifylogo" time="5.078"/>
  <testcase classname="com.testngpractise.OpenCartParameters" name="imageavailable" time="0.0">
    <ignored/>
  </testcase> <!-- imageavailable -->
  <testcase classname="com.testngpractise.OpenCartParameters" name="DemoLogin" time="0.0">
    <ignored/>
  </testcase> <!-- DemoLogin -->
  <testcase classname="com.testngpractise.OpenCartParameters" name="StoreFront" time="0.0">
    <ignored/>
  </testcase> <!-- StoreFront -->
</testsuite> <!-- Open -->
