<?xml version="1.0" encoding="UTF-8"?>
<!-- Generated by org.testng.reporters.JUnitXMLReporter -->
<testsuite ignored="0" hostname="DESKTOP-O2VAEQR" failures="0" tests="5" name="Opencart" time="51.37" errors="0" timestamp="2024-07-01T10:40:24 IST">
  <testcase classname="com.testngpractise.OpenCartParameters" name="LaunchApp" time="8.251"/>
  <testcase classname="com.testngpractise.OpenCartParameters" name="verifylogo" time="5.141"/>
  <testcase classname="com.testngpractise.OpenCartParameters" name="imageavailable" time="5.088"/>
  <testcase classname="com.testngpractise.OpenCartParameters" name="DemoLogin" time="8.382"/>
  <testcase classname="com.testngpractise.OpenCartParameters" name="StoreFront" time="5.135"/>
</testsuite> <!-- Opencart -->
