<?xml version="1.0" encoding="UTF-8"?>
<!-- Generated by org.testng.reporters.JUnitXMLReporter -->
<testsuite ignored="2" hostname="DESKTOP-O2VAEQR" failures="0" tests="2" name="OrangeHRMAnnot" time="20.919" errors="0" timestamp="2024-07-01T09:11:05 IST">
  <testcase classname="com.testngpractise.OrangeHRMAnnotations" name="LaunchApp" time="8.566"/>
  <testcase classname="com.testngpractise.OrangeHRMAnnotations" name="EnterLoginDetails" time="5.358"/>
  <testcase classname="com.testngpractise.OrangeHRMAnnotations" name="MyInfo" time="0.0">
    <ignored/>
  </testcase> <!-- MyInfo -->
  <testcase classname="com.testngpractise.OrangeHRMAnnotations" name="VerifyMyinfo" time="0.0">
    <ignored/>
  </testcase> <!-- VerifyMyinfo -->
</testsuite> <!-- OrangeHRMAnnot -->
