<?xml version="1.0" encoding="UTF-8"?>
<testng-results ignored="0" total="4" passed="4" failed="0" skipped="0">
  <reporter-output>
  </reporter-output>
  <suite started-at="2024-07-05T13:45:20 IST" name="Default suite" finished-at="2024-07-05T13:45:21 IST" duration-ms="220">
    <groups>
      <group name="functional">
        <method signature="NewTest.Test3()[pri:0, instance:com.grouptest.NewTest@4c371370]" name="Test3" class="com.grouptest.NewTest"/>
      </group> <!-- functional -->
      <group name="regession">
        <method signature="NewTest.Test1()[pri:0, instance:com.grouptest.NewTest@4c371370]" name="Test1" class="com.grouptest.NewTest"/>
      </group> <!-- regession -->
      <group name="smoke">
        <method signature="NewTest.Test1()[pri:0, instance:com.grouptest.NewTest@4c371370]" name="Test1" class="com.grouptest.NewTest"/>
        <method signature="NewTest.Test2()[pri:0, instance:com.grouptest.NewTest@4c371370]" name="Test2" class="com.grouptest.NewTest"/>
      </group> <!-- smoke -->
      <group name="sanity">
        <method signature="NewTest.Test1()[pri:0, instance:com.grouptest.NewTest@4c371370]" name="Test1" class="com.grouptest.NewTest"/>
        <method signature="NewTest.Test3()[pri:0, instance:com.grouptest.NewTest@4c371370]" name="Test3" class="com.grouptest.NewTest"/>
      </group> <!-- sanity -->
    </groups>
    <test started-at="2024-07-05T13:45:20 IST" name="Default test" finished-at="2024-07-05T13:45:21 IST" duration-ms="220">
      <class name="com.grouptest.NewTest">
        <test-method signature="Test1()[pri:0, instance:com.grouptest.NewTest@4c371370]" started-at="2024-07-05T13:45:21 IST" name="Test1" finished-at="2024-07-05T13:45:21 IST" duration-ms="22" status="PASS">
          <reporter-output>
          </reporter-output>
        </test-method> <!-- Test1 -->
        <test-method signature="Test2()[pri:0, instance:com.grouptest.NewTest@4c371370]" started-at="2024-07-05T13:45:21 IST" name="Test2" finished-at="2024-07-05T13:45:21 IST" duration-ms="4" status="PASS">
          <reporter-output>
          </reporter-output>
        </test-method> <!-- Test2 -->
        <test-method signature="Test3()[pri:0, instance:com.grouptest.NewTest@4c371370]" started-at="2024-07-05T13:45:21 IST" name="Test3" finished-at="2024-07-05T13:45:21 IST" duration-ms="2" status="PASS">
          <reporter-output>
          </reporter-output>
        </test-method> <!-- Test3 -->
        <test-method signature="Test4()[pri:0, instance:com.grouptest.NewTest@4c371370]" started-at="2024-07-05T13:45:21 IST" name="Test4" finished-at="2024-07-05T13:45:21 IST" duration-ms="4" status="PASS">
          <reporter-output>
          </reporter-output>
        </test-method> <!-- Test4 -->
      </class> <!-- com.grouptest.NewTest -->
    </test> <!-- Default test -->
  </suite> <!-- Default suite -->
</testng-results>
