<?xml version="1.0" encoding="UTF-8"?>
<!-- Generated by org.testng.reporters.JUnitXMLReporter -->
<testsuite ignored="0" hostname="DESKTOP-O2VAEQR" failures="0" tests="6" name="Flight" time="0.222" errors="0" timestamp="2024-07-01T12:02:16 IST">
  <testcase classname="com.testngpractise.PriorityFlightBooking" name="BooktheFlight" time="0.018"/>
  <testcase classname="com.testngpractise.PriorityFlightBooking" name="Login" time="0.004"/>
  <testcase classname="com.testngpractise.PriorityFlightBooking" name="Logout" time="0.003"/>
  <testcase classname="com.testngpractise.PriorityFlightBooking" name="SaveTicket" time="0.002"/>
  <testcase classname="com.testngpractise.PriorityFlightBooking" name="SearchFortheFlight" time="0.011"/>
  <testcase classname="com.testngpractise.PriorityFlightBooking" name="SignUp" time="0.007"/>
</testsuite> <!-- Flight -->
